<?xml version="1.0" encoding="UTF-8"?>
<!-- Generated by org.testng.reporters.JUnitXMLReporter -->
<testsuite ignored="0" hostname="Hemanth-Mohan" failures="0" tests="3" name="Submit Order" time="50.858" errors="0" timestamp="2024-09-07T20:47:01 IST">
  <testcase classname="hemanth.tests.StandAloneTestLatest" name="StandAloneTestLatest" time="21.56"/>
  <testcase classname="hemanth.tests.StandAloneTestLatest" name="StandAloneTestLatest" time="21.724"/>
  <testcase classname="hemanth.tests.StandAloneTestLatest" name="orderHistoryTest" time="0.726"/>
</testsuite> <!-- Submit Order -->
