<?xml version="1.0" encoding="UTF-8"?>
<!-- Generated by org.testng.reporters.JUnitXMLReporter -->
<testsuite ignored="0" hostname="Hemanth-Mohan" failures="1" tests="3" name="Validation Test" time="29.201" errors="0" timestamp="2024-09-07T20:46:40 IST">
  <testcase classname="hemanth.tests.ErrorValidations" name="LoginErrorValidation" time="1.093">
    <skipped/>
  </testcase> <!-- LoginErrorValidation -->
  <testcase classname="hemanth.tests.ErrorValidations" name="LoginErrorValidation" time="0.431">
    <failure type="java.lang.AssertionError" message="expected [Incorrect email or password.] but found [Incorrect email r password.]">
      <![CDATA[java.lang.AssertionError: expected [Incorrect email or password.] but found [Incorrect email r password.]
at hemanth.tests.ErrorValidations.LoginErrorValidation(ErrorValidations.java:27)
at java.base/java.util.ArrayList.forEach(ArrayList.java:1596)
at java.base/java.util.concurrent.FutureTask.run(FutureTask.java:317)
at java.base/java.util.concurrent.ThreadPoolExecutor.runWorker(ThreadPoolExecutor.java:1144)
at java.base/java.util.concurrent.ThreadPoolExecutor$Worker.run(ThreadPoolExecutor.java:642)
at java.base/java.lang.Thread.run(Thread.java:1583)
... Removed 21 stack frames]]>
    </failure>
  </testcase> <!-- LoginErrorValidation -->
  <testcase classname="hemanth.tests.ErrorValidations" name="ProductErrorValidation" time="20.441"/>
</testsuite> <!-- Validation Test -->
