<?xml version="1.0" encoding="UTF-8"?>
<!-- Generated by org.testng.reporters.JUnitXMLReporter -->
<testsuite ignored="0" hostname="Hemanth-Mohan" failures="0" tests="3" name="Submit Order" time="43.866" errors="0" timestamp="2024-09-06T21:19:50 IST">
  <testcase classname="hemanth.tests.StandAloneTestLatest" name="StandAloneTestLatest" time="23.119"/>
  <testcase classname="hemanth.tests.StandAloneTestLatest" name="StandAloneTestLatest" time="4.309"/>
  <testcase classname="hemanth.tests.StandAloneTestLatest" name="orderHistoryTest" time="0.842"/>
</testsuite> <!-- Submit Order -->
